Bars launched...
polybar|notice:  Parsing config file: /home/raina/.config/polybar/config.ini
polybar|notice:  Listening for IPC messages (PID: 370544)
polybar|warn:  The config parameter 'settings.throttle-output' is deprecated, it will be removed in the future. Please remove it from your config
polybar|warn:  The config parameter 'settings.throttle-output-for' is deprecated, it will be removed in the future. Please remove it from your config
polybar|notice:  Loading module 'ewmh' of type 'internal/xworkspaces'
polybar|error: Invalid value for "settings.format-spacing", using default value (reason: stof)
polybar|error: Invalid value for "settings.format-padding", using default value (reason: stof)
polybar|error: Invalid value for "settings.format-margin", using default value (reason: stof)
polybar|error: Invalid value for "settings.format-offset", using default value (reason: stof)
polybar|notice:  Loading module 'xwindow' of type 'internal/xwindow'
polybar|error: Invalid value for "settings.format-spacing", using default value (reason: stof)
polybar|error: Invalid value for "settings.format-padding", using default value (reason: stof)
polybar|error: Invalid value for "settings.format-margin", using default value (reason: stof)
polybar|error: Invalid value for "settings.format-offset", using default value (reason: stof)
polybar|notice:  Loading module 'battery' of type 'internal/battery'
polybar|error: Invalid value for "settings.format-spacing", using default value (reason: stof)
polybar|error: Invalid value for "settings.format-padding", using default value (reason: stof)
polybar|error: Invalid value for "settings.format-margin", using default value (reason: stof)
polybar|error: Invalid value for "settings.format-offset", using default value (reason: stof)
polybar|error: Invalid value for "settings.format-spacing", using default value (reason: stof)
polybar|error: Invalid value for "settings.format-padding", using default value (reason: stof)
polybar|error: Invalid value for "settings.format-margin", using default value (reason: stof)
polybar|error: Invalid value for "settings.format-offset", using default value (reason: stof)
polybar|error: Invalid value for "settings.format-spacing", using default value (reason: stof)
polybar|error: Invalid value for "settings.format-padding", using default value (reason: stof)
polybar|error: Invalid value for "settings.format-margin", using default value (reason: stof)
polybar|error: Invalid value for "settings.format-offset", using default value (reason: stof)
polybar|notice:  Loading module 'mpd' of type 'internal/mpd'
polybar|error: Invalid value for "settings.format-spacing", using default value (reason: stof)
polybar|error: Invalid value for "settings.format-padding", using default value (reason: stof)
polybar|error: Invalid value for "settings.format-margin", using default value (reason: stof)
polybar|error: Invalid value for "settings.format-offset", using default value (reason: stof)
polybar|error: Invalid value for "settings.format-spacing", using default value (reason: stof)
polybar|error: Invalid value for "settings.format-padding", using default value (reason: stof)
polybar|error: Invalid value for "settings.format-margin", using default value (reason: stof)
polybar|error: Invalid value for "settings.format-offset", using default value (reason: stof)
polybar|error: Invalid value for "settings.format-spacing", using default value (reason: stof)
polybar|error: Invalid value for "settings.format-padding", using default value (reason: stof)
polybar|error: Invalid value for "settings.format-margin", using default value (reason: stof)
polybar|error: Invalid value for "settings.format-offset", using default value (reason: stof)
polybar|error: Invalid value for "settings.format-spacing", using default value (reason: stof)
polybar|error: Invalid value for "settings.format-padding", using default value (reason: stof)
polybar|error: Invalid value for "settings.format-margin", using default value (reason: stof)
polybar|error: Invalid value for "settings.format-offset", using default value (reason: stof)
polybar|notice:  Loading module 'kernel' of type 'custom/script'
polybar|error: Invalid value for "settings.format-spacing", using default value (reason: stof)
polybar|error: Invalid value for "settings.format-padding", using default value (reason: stof)
polybar|error: Invalid value for "settings.format-margin", using default value (reason: stof)
polybar|error: Invalid value for "settings.format-offset", using default value (reason: stof)
polybar|notice:  Loading module 'cpu2' of type 'internal/cpu'
polybar|error: Invalid value for "settings.format-spacing", using default value (reason: stof)
polybar|error: Invalid value for "settings.format-padding", using default value (reason: stof)
polybar|error: Invalid value for "settings.format-margin", using default value (reason: stof)
polybar|error: Invalid value for "settings.format-offset", using default value (reason: stof)
polybar|notice:  Loading module 'memory2' of type 'internal/memory'
polybar|error: Invalid value for "settings.format-spacing", using default value (reason: stof)
polybar|error: Invalid value for "settings.format-padding", using default value (reason: stof)
polybar|error: Invalid value for "settings.format-margin", using default value (reason: stof)
polybar|error: Invalid value for "settings.format-offset", using default value (reason: stof)
polybar|notice:  Loading module 'networkspeed' of type 'internal/network'
polybar|error: Invalid value for "settings.format-spacing", using default value (reason: stof)
polybar|error: Invalid value for "settings.format-padding", using default value (reason: stof)
polybar|error: Invalid value for "settings.format-margin", using default value (reason: stof)
polybar|error: Invalid value for "settings.format-offset", using default value (reason: stof)
polybar|error: Invalid value for "settings.format-spacing", using default value (reason: stof)
polybar|error: Invalid value for "settings.format-padding", using default value (reason: stof)
polybar|error: Invalid value for "settings.format-margin", using default value (reason: stof)
polybar|error: Invalid value for "settings.format-offset", using default value (reason: stof)
polybar|notice:  Loading module 'uptime' of type 'custom/script'
polybar|error: Invalid value for "settings.format-spacing", using default value (reason: stof)
polybar|error: Invalid value for "settings.format-padding", using default value (reason: stof)
polybar|error: Invalid value for "settings.format-margin", using default value (reason: stof)
polybar|error: Invalid value for "settings.format-offset", using default value (reason: stof)
polybar|notice:  Loading module 'arch-aur-updates' of type 'custom/script'
polybar|error: Invalid value for "settings.format-spacing", using default value (reason: stof)
polybar|error: Invalid value for "settings.format-padding", using default value (reason: stof)
polybar|error: Invalid value for "settings.format-margin", using default value (reason: stof)
polybar|error: Invalid value for "settings.format-offset", using default value (reason: stof)
polybar|notice:  Loading module 'pavolume' of type 'custom/script'
polybar|error: Invalid value for "settings.format-spacing", using default value (reason: stof)
polybar|error: Invalid value for "settings.format-padding", using default value (reason: stof)
polybar|error: Invalid value for "settings.format-margin", using default value (reason: stof)
polybar|error: Invalid value for "settings.format-offset", using default value (reason: stof)
polybar|notice:  Loading module 'date' of type 'internal/date'
polybar|error: Invalid value for "settings.format-spacing", using default value (reason: stof)
polybar|error: Invalid value for "settings.format-padding", using default value (reason: stof)
polybar|error: Invalid value for "settings.format-margin", using default value (reason: stof)
polybar|error: Invalid value for "settings.format-offset", using default value (reason: stof)
polybar|notice:  Loaded 12 modules
polybar|notice:  Loaded font "Ubuntu:style=Bold:size=9" (name=Noto Sans, offset=2, file=/usr/share/fonts/noto/NotoSans-Bold.ttf)
polybar|notice:  Loaded font "UbuntuMono Nerd Font:style=Bold:size=18" (name=Noto Sans, offset=3, file=/usr/share/fonts/noto/NotoSans-Bold.ttf)
polybar|notice:  Loaded font "Font Awesome 6 Free:style=Regular:pixelsize=8" (name=Font Awesome 6 Free, offset=1, file=/usr/share/fonts/TTF/fa-regular-400.ttf)
polybar|notice:  Loaded font "Font Awesome 6 Free:style=Solid:pixelsize=8" (name=Font Awesome 6 Free, offset=1, file=/usr/share/fonts/TTF/fa-solid-900.ttf)
polybar|notice:  Loaded font "Font Awesome 6 Brands:pixelsize=8" (name=Font Awesome 6 Brands, offset=1, file=/usr/share/fonts/TTF/fa-brands-400.ttf)
polybar|error: tray: Failed to put tray above 0x1000002 in the stack (XCB_MATCH (8))
